[0.009s] Invoking command in '/home/laura/hackaton_ws/src/hacka_analaura/build/hacka_analaura': CMAKE_PREFIX_PATH=/home/laura/hackaton_ws/install/drone_mission:/home/laura/laser_uav_system_ws/install/ros2_livox_simulation:/opt/ros/humble:/home/laura/laser_uav_system_ws/install/realsense_gazebo_plugin:/home/laura/laser_uav_system_ws/install/realsense2_description:/home/laura/laser_uav_system_ws/install/realsense2_camera:/home/laura/laser_uav_system_ws/install/realsense2_camera_msgs:/home/laura/laser_uav_system_ws/install/livox_ros_driver2:/home/laura/laser_uav_system_ws/install/laser_uav_simulation /usr/bin/cmake --build /home/laura/hackaton_ws/src/hacka_analaura/build/hacka_analaura -- -j8 -l8
[0.026s] -- Found ament_cmake: 1.3.11 (/opt/ros/humble/share/ament_cmake/cmake)
[0.116s] -- Found rclcpp: 16.0.11 (/opt/ros/humble/share/rclcpp/cmake)
[0.133s] -- Found rosidl_generator_c: 3.1.6 (/opt/ros/humble/share/rosidl_generator_c/cmake)
[0.134s] -- Found rosidl_adapter: 3.1.6 (/opt/ros/humble/share/rosidl_adapter/cmake)
[0.138s] -- Found rosidl_generator_cpp: 3.1.6 (/opt/ros/humble/share/rosidl_generator_cpp/cmake)
[0.144s] -- Using all available rosidl_typesupport_c: rosidl_typesupport_fastrtps_c;rosidl_typesupport_introspection_c
[0.152s] -- Using all available rosidl_typesupport_cpp: rosidl_typesupport_fastrtps_cpp;rosidl_typesupport_introspection_cpp
[0.175s] -- Found rmw_implementation_cmake: 6.1.2 (/opt/ros/humble/share/rmw_implementation_cmake/cmake)
[0.176s] -- Found rmw_fastrtps_cpp: 6.2.7 (/opt/ros/humble/share/rmw_fastrtps_cpp/cmake)
[0.244s] -- Using RMW implementation 'rmw_fastrtps_cpp' as default
[0.276s] -- Found rclcpp_lifecycle: 16.0.11 (/opt/ros/humble/share/rclcpp_lifecycle/cmake)
[0.286s] -- Found rclcpp_components: 16.0.11 (/opt/ros/humble/share/rclcpp_components/cmake)
[0.298s] -- Found std_srvs: 4.2.4 (/opt/ros/humble/share/std_srvs/cmake)
[0.304s] [31mCMake Error at CMakeLists.txt:47 (ament_target_dependencies):
[0.305s]   ament_target_dependencies Function invoked with incorrect arguments for
[0.305s]   function named: ament_target_dependencies
[0.305s] 
[0.305s] [0m
[0.305s] [31mCMake Error at CMakeLists.txt:51 (target_include_directories):
[0.305s]   Cannot specify include directories for target "PRIVATE" which is not built
[0.305s]   by this project.
[0.305s] 
[0.305s] [0m
[0.305s] [31mCMake Error at /opt/ros/humble/share/rclcpp_components/cmake/rclcpp_components_register_nodes.cmake:29 (message):
[0.305s]   rclcpp_components_register_nodes() first argument
[0.305s]   'hacka_analaura::MissionNode' is not a target
[0.305s] Call Stack (most recent call first):
[0.305s]   CMakeLists.txt:53 (rclcpp_components_register_nodes)
[0.305s] 
[0.305s] [0m
[0.305s] -- Configuring incomplete, errors occurred!
[0.305s] See also "/home/laura/hackaton_ws/src/hacka_analaura/build/hacka_analaura/CMakeFiles/CMakeOutput.log".
[0.309s] gmake: *** [Makefile:267: cmake_check_build_system] Error 1
[0.311s] Invoked command in '/home/laura/hackaton_ws/src/hacka_analaura/build/hacka_analaura' returned '2': CMAKE_PREFIX_PATH=/home/laura/hackaton_ws/install/drone_mission:/home/laura/laser_uav_system_ws/install/ros2_livox_simulation:/opt/ros/humble:/home/laura/laser_uav_system_ws/install/realsense_gazebo_plugin:/home/laura/laser_uav_system_ws/install/realsense2_description:/home/laura/laser_uav_system_ws/install/realsense2_camera:/home/laura/laser_uav_system_ws/install/realsense2_camera_msgs:/home/laura/laser_uav_system_ws/install/livox_ros_driver2:/home/laura/laser_uav_system_ws/install/laser_uav_simulation /usr/bin/cmake --build /home/laura/hackaton_ws/src/hacka_analaura/build/hacka_analaura -- -j8 -l8
