[0.009s] Invoking command in '/home/laura/hackaton_ws/src/hacka_analaura/build/hacka_analaura': CMAKE_PREFIX_PATH=/home/laura/hackaton_ws/install/drone_mission:/home/laura/laser_uav_system_ws/install/ros2_livox_simulation:/opt/ros/humble:/home/laura/laser_uav_system_ws/install/realsense_gazebo_plugin:/home/laura/laser_uav_system_ws/install/realsense2_description:/home/laura/laser_uav_system_ws/install/realsense2_camera:/home/laura/laser_uav_system_ws/install/realsense2_camera_msgs:/home/laura/laser_uav_system_ws/install/livox_ros_driver2:/home/laura/laser_uav_system_ws/install/laser_uav_simulation /usr/bin/cmake --build /home/laura/hackaton_ws/src/hacka_analaura/build/hacka_analaura -- -j8 -l8
[0.026s] -- Found ament_cmake: 1.3.11 (/opt/ros/humble/share/ament_cmake/cmake)
[0.115s] -- Found rclcpp: 16.0.11 (/opt/ros/humble/share/rclcpp/cmake)
[0.134s] -- Found rosidl_generator_c: 3.1.6 (/opt/ros/humble/share/rosidl_generator_c/cmake)
[0.135s] -- Found rosidl_adapter: 3.1.6 (/opt/ros/humble/share/rosidl_adapter/cmake)
[0.139s] -- Found rosidl_generator_cpp: 3.1.6 (/opt/ros/humble/share/rosidl_generator_cpp/cmake)
[0.146s] -- Using all available rosidl_typesupport_c: rosidl_typesupport_fastrtps_c;rosidl_typesupport_introspection_c
[0.154s] -- Using all available rosidl_typesupport_cpp: rosidl_typesupport_fastrtps_cpp;rosidl_typesupport_introspection_cpp
[0.175s] -- Found rmw_implementation_cmake: 6.1.2 (/opt/ros/humble/share/rmw_implementation_cmake/cmake)
[0.177s] -- Found rmw_fastrtps_cpp: 6.2.7 (/opt/ros/humble/share/rmw_fastrtps_cpp/cmake)
[0.248s] -- Using RMW implementation 'rmw_fastrtps_cpp' as default
[0.280s] -- Found rclcpp_lifecycle: 16.0.11 (/opt/ros/humble/share/rclcpp_lifecycle/cmake)
[0.291s] -- Found rclcpp_components: 16.0.11 (/opt/ros/humble/share/rclcpp_components/cmake)
[0.304s] -- Found std_srvs: 4.2.4 (/opt/ros/humble/share/std_srvs/cmake)
[0.314s] -- Found tf2: 0.25.11 (/opt/ros/humble/share/tf2/cmake)
[0.325s] -- Found tf2_ros: 0.25.11 (/opt/ros/humble/share/tf2_ros/cmake)
[0.376s] -- Found tf2_geometry_msgs: 0.25.11 (/opt/ros/humble/share/tf2_geometry_msgs/cmake)
[0.386s] -- Found eigen3_cmake_module: 0.1.1 (/opt/ros/humble/share/eigen3_cmake_module/cmake)
[0.387s] -- Found Eigen3: TRUE (found version "3.4.0") 
[0.387s] -- Ensuring Eigen3 include directory is part of orocos-kdl CMake target
[0.390s] -- Found ament_lint_auto: 0.12.11 (/opt/ros/humble/share/ament_lint_auto/cmake)
[0.449s] -- Added test 'cppcheck' to perform static code analysis on C / C++ code
[0.449s] -- Configured cppcheck include dirs: /home/laura/hackaton_ws/src/hacka_analaura/include
[0.449s] -- Configured cppcheck exclude dirs and/or files: 
[0.450s] -- Added test 'flake8' to check Python code syntax and style conventions
[0.453s] -- Added test 'lint_cmake' to check CMake code style
[0.454s] -- Added test 'pep257' to check Python code against some of the docstring style conventions in PEP 257
[0.462s] -- Added test 'uncrustify' to check C / C++ code style
[0.462s] -- Configured uncrustify additional arguments: 
[0.463s] -- Added test 'xmllint' to check XML markup files
[0.464s] -- Configuring done
[0.476s] -- Generating done
[0.481s] -- Build files have been written to: /home/laura/hackaton_ws/src/hacka_analaura/build/hacka_analaura
[0.509s] [ 25%] [32mBuilding CXX object CMakeFiles/hacka_analaura_library.dir/src/mission_main.cpp.o[0m
[2.540s] [ 50%] [32m[1mLinking CXX shared library libhacka_analaura_library.so[0m
[2.656s] [ 50%] Built target hacka_analaura_library
[2.672s] [ 75%] [32mBuilding CXX object CMakeFiles/hacka_analaura.dir/src/mission_main.cpp.o[0m
[4.662s] [100%] [32m[1mLinking CXX executable hacka_analaura[0m
[4.749s] /usr/bin/ld: CMakeFiles/hacka_analaura.dir/src/mission_main.cpp.o: in function `void __gnu_cxx::new_allocator<hacka_analaura::MissionNode>::construct<hacka_analaura::MissionNode>(hacka_analaura::MissionNode*)':
[4.749s] mission_main.cpp:(.text._ZN9__gnu_cxx13new_allocatorIN14hacka_analaura11MissionNodeEE9constructIS2_JEEEvPT_DpOT0_[_ZN9__gnu_cxx13new_allocatorIN14hacka_analaura11MissionNodeEE9constructIS2_JEEEvPT_DpOT0_]+0x9a): undefined reference to `hacka_analaura::MissionNode::MissionNode(rclcpp::NodeOptions const&)'
[4.749s] collect2: error: ld returned 1 exit status
[4.750s] gmake[2]: *** [CMakeFiles/hacka_analaura.dir/build.make:228: hacka_analaura] Error 1
[4.750s] gmake[1]: *** [CMakeFiles/Makefile2:165: CMakeFiles/hacka_analaura.dir/all] Error 2
[4.750s] gmake: *** [Makefile:146: all] Error 2
[4.752s] Invoked command in '/home/laura/hackaton_ws/src/hacka_analaura/build/hacka_analaura' returned '2': CMAKE_PREFIX_PATH=/home/laura/hackaton_ws/install/drone_mission:/home/laura/laser_uav_system_ws/install/ros2_livox_simulation:/opt/ros/humble:/home/laura/laser_uav_system_ws/install/realsense_gazebo_plugin:/home/laura/laser_uav_system_ws/install/realsense2_description:/home/laura/laser_uav_system_ws/install/realsense2_camera:/home/laura/laser_uav_system_ws/install/realsense2_camera_msgs:/home/laura/laser_uav_system_ws/install/livox_ros_driver2:/home/laura/laser_uav_system_ws/install/laser_uav_simulation /usr/bin/cmake --build /home/laura/hackaton_ws/src/hacka_analaura/build/hacka_analaura -- -j8 -l8
