[0.009s] Invoking command in '/home/laura/hackaton_ws/src/hacka_analaura/build/hacka_analaura': CMAKE_PREFIX_PATH=/home/laura/hackaton_ws/install/drone_mission:/home/laura/laser_uav_system_ws/install/ros2_livox_simulation:/opt/ros/humble:/home/laura/laser_uav_system_ws/install/realsense_gazebo_plugin:/home/laura/laser_uav_system_ws/install/realsense2_description:/home/laura/laser_uav_system_ws/install/realsense2_camera:/home/laura/laser_uav_system_ws/install/realsense2_camera_msgs:/home/laura/laser_uav_system_ws/install/livox_ros_driver2:/home/laura/laser_uav_system_ws/install/laser_uav_simulation /usr/bin/cmake --build /home/laura/hackaton_ws/src/hacka_analaura/build/hacka_analaura -- -j8 -l8
[0.026s] -- Found ament_cmake: 1.3.11 (/opt/ros/humble/share/ament_cmake/cmake)
[0.116s] -- Found rclcpp: 16.0.11 (/opt/ros/humble/share/rclcpp/cmake)
[0.134s] -- Found rosidl_generator_c: 3.1.6 (/opt/ros/humble/share/rosidl_generator_c/cmake)
[0.136s] -- Found rosidl_adapter: 3.1.6 (/opt/ros/humble/share/rosidl_adapter/cmake)
[0.140s] -- Found rosidl_generator_cpp: 3.1.6 (/opt/ros/humble/share/rosidl_generator_cpp/cmake)
[0.145s] -- Using all available rosidl_typesupport_c: rosidl_typesupport_fastrtps_c;rosidl_typesupport_introspection_c
[0.153s] -- Using all available rosidl_typesupport_cpp: rosidl_typesupport_fastrtps_cpp;rosidl_typesupport_introspection_cpp
[0.176s] -- Found rmw_implementation_cmake: 6.1.2 (/opt/ros/humble/share/rmw_implementation_cmake/cmake)
[0.177s] -- Found rmw_fastrtps_cpp: 6.2.7 (/opt/ros/humble/share/rmw_fastrtps_cpp/cmake)
[0.245s] -- Using RMW implementation 'rmw_fastrtps_cpp' as default
[0.276s] -- Found rclcpp_lifecycle: 16.0.11 (/opt/ros/humble/share/rclcpp_lifecycle/cmake)
[0.286s] -- Found rclcpp_components: 16.0.11 (/opt/ros/humble/share/rclcpp_components/cmake)
[0.298s] -- Found std_srvs: 4.2.4 (/opt/ros/humble/share/std_srvs/cmake)
[0.307s] -- Found geometry_msgs: 4.2.4 (/opt/ros/humble/share/geometry_msgs/cmake)
[0.320s] -- Found ament_lint_auto: 0.12.11 (/opt/ros/humble/share/ament_lint_auto/cmake)
[0.374s] -- Added test 'cppcheck' to perform static code analysis on C / C++ code
[0.374s] -- Configured cppcheck include dirs: /home/laura/hackaton_ws/src/hacka_analaura/include
[0.374s] -- Configured cppcheck exclude dirs and/or files: 
[0.376s] -- Added test 'flake8' to check Python code syntax and style conventions
[0.378s] -- Added test 'lint_cmake' to check CMake code style
[0.379s] -- Added test 'pep257' to check Python code against some of the docstring style conventions in PEP 257
[0.386s] -- Added test 'uncrustify' to check C / C++ code style
[0.386s] -- Configured uncrustify additional arguments: 
[0.387s] -- Added test 'xmllint' to check XML markup files
[0.388s] -- Configuring done
[0.396s] -- Generating done
[0.400s] -- Build files have been written to: /home/laura/hackaton_ws/src/hacka_analaura/build/hacka_analaura
[0.427s] [ 25%] [32mBuilding CXX object CMakeFiles/hacka_analaura_library.dir/src/mission_main.cpp.o[0m
[0.569s] In file included from [01m[K/home/laura/hackaton_ws/src/hacka_analaura/src/mission_main.cpp:1[m[K:
[0.569s] [01m[K/home/laura/hackaton_ws/src/hacka_analaura/include/hacka_analaura/mission_node.hpp:12:10:[m[K [01;31m[Kfatal error: [m[Kgeometry_msgs/msg/pose.hpp: No such file or directory
[0.569s]    12 | #include [01;31m[K<geometry_msgs/msg/pose.hpp>[m[K
[0.569s]       |          [01;31m[K^~~~~~~~~~~~~~~~~~~~~~~~~~~~[m[K
[0.569s] compilation terminated.
[0.574s] gmake[2]: *** [CMakeFiles/hacka_analaura_library.dir/build.make:76: CMakeFiles/hacka_analaura_library.dir/src/mission_main.cpp.o] Error 1
[0.574s] gmake[1]: *** [CMakeFiles/Makefile2:139: CMakeFiles/hacka_analaura_library.dir/all] Error 2
[0.574s] gmake: *** [Makefile:146: all] Error 2
[0.576s] Invoked command in '/home/laura/hackaton_ws/src/hacka_analaura/build/hacka_analaura' returned '2': CMAKE_PREFIX_PATH=/home/laura/hackaton_ws/install/drone_mission:/home/laura/laser_uav_system_ws/install/ros2_livox_simulation:/opt/ros/humble:/home/laura/laser_uav_system_ws/install/realsense_gazebo_plugin:/home/laura/laser_uav_system_ws/install/realsense2_description:/home/laura/laser_uav_system_ws/install/realsense2_camera:/home/laura/laser_uav_system_ws/install/realsense2_camera_msgs:/home/laura/laser_uav_system_ws/install/livox_ros_driver2:/home/laura/laser_uav_system_ws/install/laser_uav_simulation /usr/bin/cmake --build /home/laura/hackaton_ws/src/hacka_analaura/build/hacka_analaura -- -j8 -l8
