[0.100s] DEBUG:colcon:Command line arguments: ['/usr/bin/colcon', 'build']
[0.100s] DEBUG:colcon:Parsed command line arguments: Namespace(log_base=None, log_level=None, verb_name='build', build_base='build', install_base='install', merge_install=False, symlink_install=False, test_result_base=None, continue_on_error=False, executor='parallel', parallel_workers=8, event_handlers=None, ignore_user_meta=False, metas=['./colcon.meta'], base_paths=['.'], packages_ignore=None, packages_ignore_regex=None, paths=None, packages_up_to=None, packages_up_to_regex=None, packages_above=None, packages_above_and_dependencies=None, packages_above_depth=None, packages_select_by_dep=None, packages_skip_by_dep=None, packages_skip_up_to=None, packages_select_build_failed=False, packages_skip_build_finished=False, packages_select_test_failures=False, packages_skip_test_passed=False, packages_select=None, packages_skip=None, packages_select_regex=None, packages_skip_regex=None, packages_start=None, packages_end=None, allow_overriding=[], cmake_args=None, cmake_target=None, cmake_target_skip_unavailable=False, cmake_clean_cache=False, cmake_clean_first=False, cmake_force_configure=False, ament_cmake_args=None, catkin_cmake_args=None, catkin_skip_building_tests=False, mixin_files=None, mixin=None, verb_parser=<colcon_mixin.mixin.mixin_argument.MixinArgumentDecorator object at 0x7f86978f5840>, verb_extension=<colcon_core.verb.build.BuildVerb object at 0x7f86978b9210>, main=<bound method BuildVerb.main of <colcon_core.verb.build.BuildVerb object at 0x7f86978b9210>>, mixin_verb=('build',))
[0.128s] Level 1:colcon.colcon_core.package_discovery:discover_packages(colcon_meta) check parameters
[0.129s] Level 1:colcon.colcon_core.package_discovery:discover_packages(recursive) check parameters
[0.129s] Level 1:colcon.colcon_core.package_discovery:discover_packages(ignore) check parameters
[0.129s] Level 1:colcon.colcon_core.package_discovery:discover_packages(path) check parameters
[0.129s] Level 1:colcon.colcon_core.package_discovery:discover_packages(colcon_meta) discover
[0.129s] Level 1:colcon.colcon_core.package_discovery:discover_packages(recursive) discover
[0.129s] INFO:colcon.colcon_core.package_discovery:Crawling recursively for packages in '/home/laura/hackaton_ws/src/hacka_analaura'
[0.129s] Level 1:colcon.colcon_core.package_identification:_identify(.) by extensions ['ignore', 'ignore_ament_install']
[0.129s] Level 1:colcon.colcon_core.package_identification:_identify(.) by extension 'ignore'
[0.129s] Level 1:colcon.colcon_core.package_identification:_identify(.) by extension 'ignore_ament_install'
[0.129s] Level 1:colcon.colcon_core.package_identification:_identify(.) by extensions ['colcon_pkg']
[0.129s] Level 1:colcon.colcon_core.package_identification:_identify(.) by extension 'colcon_pkg'
[0.129s] Level 1:colcon.colcon_core.package_identification:_identify(.) by extensions ['colcon_meta']
[0.129s] Level 1:colcon.colcon_core.package_identification:_identify(.) by extension 'colcon_meta'
[0.129s] Level 1:colcon.colcon_core.package_identification:_identify(.) by extensions ['ros']
[0.129s] Level 1:colcon.colcon_core.package_identification:_identify(.) by extension 'ros'
[0.142s] DEBUG:colcon.colcon_core.package_identification:Package '.' with type 'ros.ament_cmake' and name 'hacka_analaura'
[0.142s] Level 1:colcon.colcon_core.package_discovery:discover_packages(recursive) using defaults
[0.142s] Level 1:colcon.colcon_core.package_discovery:discover_packages(ignore) discover
[0.142s] Level 1:colcon.colcon_core.package_discovery:discover_packages(ignore) using defaults
[0.142s] Level 1:colcon.colcon_core.package_discovery:discover_packages(path) discover
[0.142s] Level 1:colcon.colcon_core.package_discovery:discover_packages(path) using defaults
[0.157s] Level 1:colcon.colcon_core.package_discovery:discover_packages(prefix_path) check parameters
[0.157s] Level 1:colcon.colcon_core.package_discovery:discover_packages(prefix_path) discover
[0.158s] DEBUG:colcon.colcon_installed_package_information.package_discovery:Found 1 installed packages in /home/laura/hackaton_ws/src/hacka_analaura/install
[0.158s] DEBUG:colcon.colcon_installed_package_information.package_discovery:Found 1 installed packages in /home/laura/hackaton_ws/install
[0.159s] DEBUG:colcon.colcon_installed_package_information.package_discovery:Found 8 installed packages in /home/laura/laser_uav_system_ws/install
[0.160s] DEBUG:colcon.colcon_installed_package_information.package_discovery:Found 322 installed packages in /opt/ros/humble
[0.161s] Level 1:colcon.colcon_core.package_discovery:discover_packages(prefix_path) using defaults
[0.209s] Level 5:colcon.colcon_core.verb:set package 'hacka_analaura' build argument 'cmake_args' from command line to 'None'
[0.209s] Level 5:colcon.colcon_core.verb:set package 'hacka_analaura' build argument 'cmake_target' from command line to 'None'
[0.209s] Level 5:colcon.colcon_core.verb:set package 'hacka_analaura' build argument 'cmake_target_skip_unavailable' from command line to 'False'
[0.209s] Level 5:colcon.colcon_core.verb:set package 'hacka_analaura' build argument 'cmake_clean_cache' from command line to 'False'
[0.209s] Level 5:colcon.colcon_core.verb:set package 'hacka_analaura' build argument 'cmake_clean_first' from command line to 'False'
[0.209s] Level 5:colcon.colcon_core.verb:set package 'hacka_analaura' build argument 'cmake_force_configure' from command line to 'False'
[0.209s] Level 5:colcon.colcon_core.verb:set package 'hacka_analaura' build argument 'ament_cmake_args' from command line to 'None'
[0.209s] Level 5:colcon.colcon_core.verb:set package 'hacka_analaura' build argument 'catkin_cmake_args' from command line to 'None'
[0.209s] Level 5:colcon.colcon_core.verb:set package 'hacka_analaura' build argument 'catkin_skip_building_tests' from command line to 'False'
[0.209s] DEBUG:colcon.colcon_core.verb:Building package 'hacka_analaura' with the following arguments: {'ament_cmake_args': None, 'build_base': '/home/laura/hackaton_ws/src/hacka_analaura/build/hacka_analaura', 'catkin_cmake_args': None, 'catkin_skip_building_tests': False, 'cmake_args': None, 'cmake_clean_cache': False, 'cmake_clean_first': False, 'cmake_force_configure': False, 'cmake_target': None, 'cmake_target_skip_unavailable': False, 'install_base': '/home/laura/hackaton_ws/src/hacka_analaura/install/hacka_analaura', 'merge_install': False, 'path': '/home/laura/hackaton_ws/src/hacka_analaura', 'symlink_install': False, 'test_result_base': None}
[0.209s] INFO:colcon.colcon_core.executor:Executing jobs using 'parallel' executor
[0.210s] DEBUG:colcon.colcon_parallel_executor.executor.parallel:run_until_complete
[0.210s] INFO:colcon.colcon_ros.task.ament_cmake.build:Building ROS package in '/home/laura/hackaton_ws/src/hacka_analaura' with build type 'ament_cmake'
[0.211s] INFO:colcon.colcon_cmake.task.cmake.build:Building CMake package in '/home/laura/hackaton_ws/src/hacka_analaura'
[0.212s] INFO:colcon.colcon_core.plugin_system:Skipping extension 'colcon_core.shell.bat': Not used on non-Windows systems
[0.212s] INFO:colcon.colcon_core.shell:Skip shell extension 'powershell' for command environment: Not usable outside of PowerShell
[0.212s] DEBUG:colcon.colcon_core.shell:Skip shell extension 'dsv' for command environment
[0.221s] DEBUG:colcon.colcon_core.event_handler.log_command:Invoking command in '/home/laura/hackaton_ws/src/hacka_analaura/build/hacka_analaura': CMAKE_PREFIX_PATH=/home/laura/hackaton_ws/install/drone_mission:/home/laura/laser_uav_system_ws/install/ros2_livox_simulation:/opt/ros/humble:/home/laura/laser_uav_system_ws/install/realsense_gazebo_plugin:/home/laura/laser_uav_system_ws/install/realsense2_description:/home/laura/laser_uav_system_ws/install/realsense2_camera:/home/laura/laser_uav_system_ws/install/realsense2_camera_msgs:/home/laura/laser_uav_system_ws/install/livox_ros_driver2:/home/laura/laser_uav_system_ws/install/laser_uav_simulation /usr/bin/cmake --build /home/laura/hackaton_ws/src/hacka_analaura/build/hacka_analaura -- -j8 -l8
[4.745s] DEBUG:colcon.colcon_core.event_handler.log_command:Invoked command in '/home/laura/hackaton_ws/src/hacka_analaura/build/hacka_analaura' returned '2': CMAKE_PREFIX_PATH=/home/laura/hackaton_ws/install/drone_mission:/home/laura/laser_uav_system_ws/install/ros2_livox_simulation:/opt/ros/humble:/home/laura/laser_uav_system_ws/install/realsense_gazebo_plugin:/home/laura/laser_uav_system_ws/install/realsense2_description:/home/laura/laser_uav_system_ws/install/realsense2_camera:/home/laura/laser_uav_system_ws/install/realsense2_camera_msgs:/home/laura/laser_uav_system_ws/install/livox_ros_driver2:/home/laura/laser_uav_system_ws/install/laser_uav_simulation /usr/bin/cmake --build /home/laura/hackaton_ws/src/hacka_analaura/build/hacka_analaura -- -j8 -l8
[4.745s] Level 1:colcon.colcon_core.environment:create_environment_scripts_only(hacka_analaura)
[4.747s] Level 1:colcon.colcon_core.environment:checking '/home/laura/hackaton_ws/src/hacka_analaura/install/hacka_analaura' for CMake module files
[4.747s] Level 1:colcon.colcon_core.environment:checking '/home/laura/hackaton_ws/src/hacka_analaura/install/hacka_analaura' for CMake config files
[4.748s] Level 1:colcon.colcon_core.environment:checking '/home/laura/hackaton_ws/src/hacka_analaura/install/hacka_analaura/bin'
[4.748s] Level 1:colcon.colcon_core.environment:checking '/home/laura/hackaton_ws/src/hacka_analaura/install/hacka_analaura/lib/pkgconfig/hacka_analaura.pc'
[4.748s] Level 1:colcon.colcon_core.environment:checking '/home/laura/hackaton_ws/src/hacka_analaura/install/hacka_analaura/lib/python3.10/site-packages'
[4.748s] Level 1:colcon.colcon_core.environment:checking '/home/laura/hackaton_ws/src/hacka_analaura/install/hacka_analaura/bin'
[4.748s] INFO:colcon.colcon_core.shell:Creating package script '/home/laura/hackaton_ws/src/hacka_analaura/install/hacka_analaura/share/hacka_analaura/package.ps1'
[4.749s] INFO:colcon.colcon_core.shell:Creating package descriptor '/home/laura/hackaton_ws/src/hacka_analaura/install/hacka_analaura/share/hacka_analaura/package.dsv'
[4.749s] INFO:colcon.colcon_core.shell:Creating package script '/home/laura/hackaton_ws/src/hacka_analaura/install/hacka_analaura/share/hacka_analaura/package.sh'
[4.750s] INFO:colcon.colcon_core.shell:Creating package script '/home/laura/hackaton_ws/src/hacka_analaura/install/hacka_analaura/share/hacka_analaura/package.bash'
[4.750s] INFO:colcon.colcon_core.shell:Creating package script '/home/laura/hackaton_ws/src/hacka_analaura/install/hacka_analaura/share/hacka_analaura/package.zsh'
[4.751s] Level 1:colcon.colcon_core.environment:create_file_with_runtime_dependencies(/home/laura/hackaton_ws/src/hacka_analaura/install/hacka_analaura/share/colcon-core/packages/hacka_analaura)
[4.761s] DEBUG:colcon.colcon_parallel_executor.executor.parallel:closing loop
[4.761s] DEBUG:colcon.colcon_parallel_executor.executor.parallel:loop closed
[4.761s] DEBUG:colcon.colcon_parallel_executor.executor.parallel:run_until_complete finished with '2'
[4.761s] DEBUG:colcon.colcon_core.event_reactor:joining thread
[4.765s] INFO:colcon.colcon_core.plugin_system:Skipping extension 'colcon_notification.desktop_notification.terminal_notifier': Not used on non-Darwin systems
[4.765s] INFO:colcon.colcon_core.plugin_system:Skipping extension 'colcon_notification.desktop_notification.win32': Not used on non-Windows systems
[4.765s] INFO:colcon.colcon_notification.desktop_notification:Sending desktop notification using 'notify2'
[4.774s] DEBUG:colcon.colcon_core.event_reactor:joined thread
[4.774s] INFO:colcon.colcon_core.shell:Creating prefix script '/home/laura/hackaton_ws/src/hacka_analaura/install/local_setup.ps1'
[4.775s] INFO:colcon.colcon_core.shell:Creating prefix util module '/home/laura/hackaton_ws/src/hacka_analaura/install/_local_setup_util_ps1.py'
[4.776s] INFO:colcon.colcon_core.shell:Creating prefix chain script '/home/laura/hackaton_ws/src/hacka_analaura/install/setup.ps1'
[4.777s] INFO:colcon.colcon_core.shell:Creating prefix script '/home/laura/hackaton_ws/src/hacka_analaura/install/local_setup.sh'
[4.778s] INFO:colcon.colcon_core.shell:Creating prefix util module '/home/laura/hackaton_ws/src/hacka_analaura/install/_local_setup_util_sh.py'
[4.778s] INFO:colcon.colcon_core.shell:Creating prefix chain script '/home/laura/hackaton_ws/src/hacka_analaura/install/setup.sh'
[4.779s] INFO:colcon.colcon_core.shell:Creating prefix script '/home/laura/hackaton_ws/src/hacka_analaura/install/local_setup.bash'
[4.779s] INFO:colcon.colcon_core.shell:Creating prefix chain script '/home/laura/hackaton_ws/src/hacka_analaura/install/setup.bash'
[4.780s] INFO:colcon.colcon_core.shell:Creating prefix script '/home/laura/hackaton_ws/src/hacka_analaura/install/local_setup.zsh'
[4.781s] INFO:colcon.colcon_core.shell:Creating prefix chain script '/home/laura/hackaton_ws/src/hacka_analaura/install/setup.zsh'
